[2026-05-26T15:54:29.419Z] IP=::1 LOGIN="Joe" SUCCES=OUI RAISON="OK"
[2026-05-26T15:55:12.555Z] IP=::1 LOGIN="Joe" SUCCES=OUI RAISON="OK"
[2026-05-26T15:55:58.658Z] IP=::1 LOGIN="Joe" SUCCES=OUI RAISON="OK"
[2026-05-26T22:10:56.647Z] IP=::1 LOGIN="Joe" SUCCES=OUI RAISON="OK"
[2026-05-26T22:24:21.421Z] IP=::1 LOGIN="Joe" SUCCES=OUI RAISON="OK"
[2026-05-26T23:17:43.850Z] IP=::1 LOGIN="Joe" SUCCES=OUI RAISON="OK"
[2026-05-27T00:17:45.634Z] IP=::1 LOGIN="Joe" SUCCES=OUI RAISON="OK"
[2026-05-27T11:48:48.832Z] IP=::1 LOGIN="Joe" SUCCES=OUI RAISON="OK"
[2026-05-27T12:00:02.651Z] IP=::1 LOGIN="Simon" SUCCES=OUI RAISON="OK"
[2026-05-27T12:00:38.996Z] IP=::1 LOGIN="Joe" SUCCES=OUI RAISON="OK"
[2026-05-27T16:48:14.675Z] IP=::1 LOGIN="Joe" SUCCES=OUI RAISON="OK"
[2026-05-27T17:43:50.351Z] IP=::1 LOGIN="Joe" SUCCES=NON RAISON="Erreur SQL"
[2026-05-27T17:43:51.659Z] IP=::1 LOGIN="Joe" SUCCES=NON RAISON="Erreur SQL"
[2026-05-27T17:43:52.146Z] IP=::1 LOGIN="Joe" SUCCES=NON RAISON="Erreur SQL"
[2026-05-27T17:43:52.346Z] IP=::1 LOGIN="Joe" SUCCES=NON RAISON="Erreur SQL"
[2026-05-27T17:43:52.530Z] IP=::1 LOGIN="Joe" SUCCES=NON RAISON="Erreur SQL"
[2026-05-27T17:44:01.257Z] IP=::1 LOGIN="Joe" SUCCES=NON RAISON="Erreur SQL"
[2026-05-27T17:44:02.155Z] IP=::1 LOGIN="Joe" SUCCES=NON RAISON="Erreur SQL"
[2026-05-27T17:44:15.966Z] IP=::1 LOGIN="Joe" SUCCES=NON RAISON="Erreur SQL"
[2026-05-27T17:56:19.066Z] IP=::1 LOGIN="Joe" SUCCES=NON RAISON="Erreur SQL"
[2026-05-27T17:56:19.605Z] IP=::1 LOGIN="Joe" SUCCES=NON RAISON="Erreur SQL"
[2026-05-27T17:56:19.821Z] IP=::1 LOGIN="Joe" SUCCES=NON RAISON="Erreur SQL"
[2026-05-27T17:56:24.922Z] IP=::1 LOGIN="Joe" SUCCES=NON RAISON="Erreur SQL"
[2026-05-27T17:56:25.566Z] IP=::1 LOGIN="Joe" SUCCES=NON RAISON="Erreur SQL"
[2026-05-27T17:56:35.194Z] IP=::1 LOGIN="Joe" SUCCES=NON RAISON="Erreur SQL"
[2026-05-27T17:56:35.749Z] IP=::1 LOGIN="Joe" SUCCES=NON RAISON="Erreur SQL"
[2026-05-27T17:56:35.997Z] IP=::1 LOGIN="Joe" SUCCES=NON RAISON="Erreur SQL"
[2026-05-27T17:56:40.188Z] IP=::1 LOGIN="Simon" SUCCES=NON RAISON="Erreur SQL"
[2026-05-27T17:56:41.087Z] IP=::1 LOGIN="Simon" SUCCES=NON RAISON="Erreur SQL"
[2026-05-27T17:57:05.832Z] IP=::1 LOGIN="Simon" SUCCES=NON RAISON="Erreur SQL"
[2026-05-27T17:57:14.381Z] IP=::1 LOGIN="Simon" SUCCES=OUI RAISON="OK"
[2026-05-27T17:57:23.518Z] IP=::1 LOGIN="Joe" SUCCES=OUI RAISON="OK"
[2026-05-27T17:57:45.534Z] IP=::1 LOGIN="Joe" SUCCES=OUI RAISON="OK"
[2026-05-27T17:58:17.248Z] IP=::1 LOGIN="Joe" SUCCES=OUI RAISON="OK"
[2026-05-27T18:31:35.311Z] IP=::1 LOGIN="Joe" SUCCES=OUI RAISON="OK"
[2026-05-27T19:10:07.027Z] IP=::1 LOGIN="Joe" SUCCES=OUI RAISON="OK"
[2026-05-27T21:48:27.512Z] IP=::1 LOGIN="Joe" SUCCES=OUI RAISON="OK"
[2026-05-28T00:00:15.913Z] IP=::1 LOGIN="Joe" SUCCES=OUI RAISON="OK"
[2026-05-28T00:10:08.227Z] IP=::1 LOGIN="Joe" SUCCES=OUI RAISON="OK"
[2026-05-28T00:21:31.621Z] IP=::1 LOGIN="Joe" SUCCES=OUI RAISON="OK"
[2026-05-28T00:26:09.611Z] IP=::1 LOGIN="Joe" SUCCES=OUI RAISON="OK"
[2026-05-28T00:29:40.227Z] IP=::1 LOGIN="Joe" SUCCES=OUI RAISON="OK"
[2026-05-28T00:46:48.873Z] IP=::1 LOGIN="Joe" SUCCES=OUI RAISON="OK"
[2026-05-28T00:54:18.128Z] IP=::1 LOGIN="Joe" SUCCES=OUI RAISON="OK"
[2026-05-28T01:00:34.753Z] IP=::1 LOGIN="Joe" SUCCES=OUI RAISON="OK"
[2026-05-28T01:01:16.612Z] IP=::1 LOGIN="Joe" SUCCES=OUI RAISON="OK"
[2026-05-28T01:05:09.333Z] IP=::1 LOGIN="Joe" SUCCES=OUI RAISON="OK"
[2026-05-28T01:05:31.639Z] IP=::1 LOGIN="Joe" SUCCES=OUI RAISON="OK"
[2026-05-28T01:06:17.670Z] IP=::1 LOGIN="Joe" SUCCES=OUI RAISON="OK"
[2026-05-28T19:19:46.045Z] IP=::1 LOGIN="Joe" SUCCES=NON RAISON="Erreur SQL"
[2026-05-28T19:19:58.956Z] IP=::1 LOGIN="Joe" SUCCES=NON RAISON="Erreur SQL"
[2026-05-28T19:21:03.474Z] IP=::1 LOGIN="Joe" SUCCES=NON RAISON="Erreur SQL"
[2026-05-28T19:36:30.271Z] IP=::1 LOGIN="Joe" SUCCES=OUI RAISON="OK"
[2026-05-31T20:30:14.544Z] IP=::1 LOGIN="Joe" SUCCES=OUI RAISON="OK"
[2026-05-31T21:04:13.382Z] IP=::1 LOGIN="Joe" SUCCES=OUI RAISON="OK"
[2026-06-01T01:50:28.154Z] IP=::1 LOGIN="Joe" SUCCES=OUI RAISON="OK"
[2026-06-01T02:02:03.081Z] IP=::1 LOGIN="Joe" SUCCES=OUI RAISON="OK"
[2026-06-01T15:28:43.493Z] IP=::1 LOGIN="Joe" SUCCES=OUI RAISON="OK"
[2026-06-01T15:47:44.335Z] IP=::1 LOGIN="Joe" SUCCES=OUI RAISON="OK"
[2026-06-01T17:31:39.598Z] IP=::1 LOGIN="Joe" SUCCES=OUI RAISON="OK"
[2026-06-01T18:29:17.222Z] IP=::1 LOGIN="Joe" SUCCES=OUI RAISON="OK"
[2026-06-01T18:44:01.797Z] IP=::1 LOGIN="Joe" SUCCES=OUI RAISON="OK"
[2026-06-01T18:54:30.246Z] IP=::1 LOGIN="Joe" SUCCES=OUI RAISON="OK"
[2026-06-01T19:18:57.770Z] IP=::1 LOGIN="Joe" SUCCES=OUI RAISON="OK"
[2026-06-01T19:52:11.017Z] IP=::1 LOGIN="Joe" SUCCES=OUI RAISON="OK"
[2026-06-01T20:49:05.483Z] IP=::1 LOGIN="Joe" SUCCES=OUI RAISON="OK"
[2026-06-01T20:52:44.346Z] IP=::1 LOGIN="Simon" SUCCES=OUI RAISON="OK"
[2026-06-01T20:53:09.234Z] IP=::1 LOGIN="Simon" SUCCES=OUI RAISON="OK"
[2026-06-01T21:00:11.113Z] IP=::1 LOGIN="Joe" SUCCES=OUI RAISON="OK"
[2026-06-01T22:08:46.898Z] IP=::1 LOGIN="Joe" SUCCES=OUI RAISON="OK"
[2026-06-01T23:15:12.756Z] IP=::1 LOGIN="Joe" SUCCES=OUI RAISON="OK"
[2026-06-01T23:31:05.031Z] IP=::1 LOGIN="Nathan" SUCCES=OUI RAISON="OK"
[2026-06-01T23:34:42.407Z] IP=::1 LOGIN="Simon" SUCCES=OUI RAISON="OK"
[2026-06-01T23:34:47.847Z] IP=::1 LOGIN="Joe" SUCCES=OUI RAISON="OK"
[2026-06-02T00:27:38.604Z] IP=::1 LOGIN="Nathan" SUCCES=OUI RAISON="OK"
[2026-06-02T00:28:41.301Z] IP=::1 LOGIN="Joe" SUCCES=OUI RAISON="OK"
[2026-06-02T00:42:36.931Z] IP=::1 LOGIN="Joe" SUCCES=OUI RAISON="OK"
